# JRE version: Java(TM) SE Runtime Environment (8.0_71-b15) (build 1.8.0_71-b15)
# Java VM: Java HotSpot(TM) 64-Bit Server VM (25.71-b15 mixed mode windows-amd64 compressed oops)
Heap:
 PSYoungGen      total 156160K, used 33046K [0x0000000780800000, 0x0000000791e80000, 0x00000007c0000000)
  eden space 138240K, 23% used [0x0000000780800000,0x0000000782845800,0x0000000788f00000)
  from space 17920K, 0% used [0x0000000788f00000,0x0000000788f00000,0x000000078a080000)
  to   space 18944K, 0% used [0x0000000790c00000,0x0000000790c00000,0x0000000791e80000)
 ParOldGen       total 108032K, used 21301K [0x0000000701800000, 0x0000000708180000, 0x0000000780800000)
  object space 108032K, 19% used [0x0000000701800000,0x0000000702ccd5e0,0x0000000708180000)
 Metaspace       used 38898K, capacity 39296K, committed 39808K, reserved 1083392K
  class space    used 4769K, capacity 4875K, committed 4992K, reserved 1048576K
GC Heap History (10 events):
Event: 4.343 GC heap before
{Heap before GC invocations=5 (full 1):
 PSYoungGen      total 57344K, used 49152K [0x0000000780800000, 0x0000000787800000, 0x00000007c0000000)
  eden space 49152K, 100% used [0x0000000780800000,0x0000000783800000,0x0000000783800000)
  from space 8192K, 0% used [0x0000000783800000,0x0000000783800000,0x0000000784000000)
  to   space 8192K, 0% used [0x0000000787000000,0x0000000787000000,0x0000000787800000)
 ParOldGen       total 73216K, used 6786K [0x0000000701800000, 0x0000000705f80000, 0x0000000780800000)
  object space 73216K, 9% used [0x0000000701800000,0x0000000701ea0b90,0x0000000705f80000)
 Metaspace       used 24578K, capacity 24900K, committed 25216K, reserved 1071104K
  class space    used 3027K, capacity 3125K, committed 3200K, reserved 1048576K
Event: 4.363 GC heap after
Heap after GC invocations=5 (full 1):
 PSYoungGen      total 87040K, used 4764K [0x0000000780800000, 0x0000000787500000, 0x00000007c0000000)
  eden space 81920K, 0% used [0x0000000780800000,0x0000000780800000,0x0000000785800000)
  from space 5120K, 93% used [0x0000000787000000,0x00000007874a7160,0x0000000787500000)
  to   space 8192K, 0% used [0x0000000786500000,0x0000000786500000,0x0000000786d00000)
 ParOldGen       total 73216K, used 6786K [0x0000000701800000, 0x0000000705f80000, 0x0000000780800000)
  object space 73216K, 9% used [0x0000000701800000,0x0000000701ea0b90,0x0000000705f80000)
 Metaspace       used 24578K, capacity 24900K, committed 25216K, reserved 1071104K
  class space    used 3027K, capacity 3125K, committed 3200K, reserved 1048576K
}
Event: 6.326 GC heap before
{Heap before GC invocations=6 (full 1):
 PSYoungGen      total 87040K, used 86684K [0x0000000780800000, 0x0000000787500000, 0x00000007c0000000)
  eden space 81920K, 100% used [0x0000000780800000,0x0000000785800000,0x0000000785800000)
  from space 5120K, 93% used [0x0000000787000000,0x00000007874a7160,0x0000000787500000)
  to   space 8192K, 0% used [0x0000000786500000,0x0000000786500000,0x0000000786d00000)
 ParOldGen       total 73216K, used 6786K [0x0000000701800000, 0x0000000705f80000, 0x0000000780800000)
  object space 73216K, 9% used [0x0000000701800000,0x0000000701ea0b90,0x0000000705f80000)
 Metaspace       used 30403K, capacity 30842K, committed 31104K, reserved 1077248K
  class space    used 3783K, capacity 3902K, committed 3968K, reserved 1048576K
Event: 6.501 GC heap after
Heap after GC invocations=6 (full 1):
 PSYoungGen      total 103424K, used 8179K [0x0000000780800000, 0x000000078b000000, 0x00000007c0000000)
  eden space 95232K, 0% used [0x0000000780800000,0x0000000780800000,0x0000000786500000)
  from space 8192K, 99% used [0x0000000786500000,0x0000000786cfcee0,0x0000000786d00000)
  to   space 15872K, 0% used [0x000000078a080000,0x000000078a080000,0x000000078b000000)
 ParOldGen       total 73216K, used 13380K [0x0000000701800000, 0x0000000705f80000, 0x0000000780800000)
  object space 73216K, 18% used [0x0000000701800000,0x0000000702511070,0x0000000705f80000)
 Metaspace       used 30403K, capacity 30842K, committed 31104K, reserved 1077248K
  class space    used 3783K, capacity 3902K, committed 3968K, reserved 1048576K
}
Event: 8.309 GC heap before
{Heap before GC invocations=7 (full 1):
 PSYoungGen      total 103424K, used 103411K [0x0000000780800000, 0x000000078b000000, 0x00000007c0000000)
  eden space 95232K, 100% used [0x0000000780800000,0x0000000786500000,0x0000000786500000)
  from space 8192K, 99% used [0x0000000786500000,0x0000000786cfcee0,0x0000000786d00000)
  to   space 15872K, 0% used [0x000000078a080000,0x000000078a080000,0x000000078b000000)
 ParOldGen       total 73216K, used 13380K [0x0000000701800000, 0x0000000705f80000, 0x0000000780800000)
  object space 73216K, 18% used [0x0000000701800000,0x0000000702511070,0x0000000705f80000)
 Metaspace       used 34634K, capacity 35044K, committed 35456K, reserved 1081344K
  class space    used 4309K, capacity 4421K, committed 4480K, reserved 1048576K
Event: 8.383 GC heap after
Heap after GC invocations=7 (full 1):
 PSYoungGen      total 154112K, used 14596K [0x0000000780800000, 0x000000078c900000, 0x00000007c0000000)
  eden space 138240K, 0% used [0x0000000780800000,0x0000000780800000,0x0000000788f00000)
  from space 15872K, 91% used [0x000000078a080000,0x000000078aec13c8,0x000000078b000000)
  to   space 17920K, 0% used [0x0000000788f00000,0x0000000788f00000,0x000000078a080000)
 ParOldGen       total 73216K, used 13388K [0x0000000701800000, 0x0000000705f80000, 0x0000000780800000)
  object space 73216K, 18% used [0x0000000701800000,0x0000000702513070,0x0000000705f80000)
 Metaspace       used 34634K, capacity 35044K, committed 35456K, reserved 1081344K
  class space    used 4309K, capacity 4421K, committed 4480K, reserved 1048576K
}
Event: 8.926 GC heap before
{Heap before GC invocations=8 (full 1):
 PSYoungGen      total 154112K, used 44119K [0x0000000780800000, 0x000000078c900000, 0x00000007c0000000)
  eden space 138240K, 21% used [0x0000000780800000,0x00000007824d4a10,0x0000000788f00000)
  from space 15872K, 91% used [0x000000078a080000,0x000000078aec13c8,0x000000078b000000)
  to   space 17920K, 0% used [0x0000000788f00000,0x0000000788f00000,0x000000078a080000)
 ParOldGen       total 73216K, used 13388K [0x0000000701800000, 0x0000000705f80000, 0x0000000780800000)
  object space 73216K, 18% used [0x0000000701800000,0x0000000702513070,0x0000000705f80000)
 Metaspace       used 34941K, capacity 35274K, committed 35456K, reserved 1081344K
  class space    used 4347K, capacity 4454K, committed 4480K, reserved 1048576K
Event: 9.036 GC heap after
Heap after GC invocations=8 (full 1):
 PSYoungGen      total 156160K, used 13535K [0x0000000780800000, 0x0000000791e80000, 0x00000007c0000000)
  eden space 138240K, 0% used [0x0000000780800000,0x0000000780800000,0x0000000788f00000)
  from space 17920K, 75% used [0x0000000788f00000,0x0000000789c37ee0,0x000000078a080000)
  to   space 18944K, 0% used [0x0000000790c00000,0x0000000790c00000,0x0000000791e80000)
 ParOldGen       total 73216K, used 13396K [0x0000000701800000, 0x0000000705f80000, 0x0000000780800000)
  object space 73216K, 18% used [0x0000000701800000,0x0000000702515070,0x0000000705f80000)
 Metaspace       used 34941K, capacity 35274K, committed 35456K, reserved 1081344K
  class space    used 4347K, capacity 4454K, committed 4480K, reserved 1048576K
}
Event: 9.036 GC heap before
{Heap before GC invocations=9 (full 2):
 PSYoungGen      total 156160K, used 13535K [0x0000000780800000, 0x0000000791e80000, 0x00000007c0000000)
  eden space 138240K, 0% used [0x0000000780800000,0x0000000780800000,0x0000000788f00000)
  from space 17920K, 75% used [0x0000000788f00000,0x0000000789c37ee0,0x000000078a080000)
  to   space 18944K, 0% used [0x0000000790c00000,0x0000000790c00000,0x0000000791e80000)
 ParOldGen       total 73216K, used 13396K [0x0000000701800000, 0x0000000705f80000, 0x0000000780800000)
  object space 73216K, 18% used [0x0000000701800000,0x0000000702515070,0x0000000705f80000)
 Metaspace       used 34941K, capacity 35274K, committed 35456K, reserved 1081344K
  class space    used 4347K, capacity 4454K, committed 4480K, reserved 1048576K
Event: 9.240 GC heap after
Heap after GC invocations=9 (full 2):
 PSYoungGen      total 156160K, used 0K [0x0000000780800000, 0x0000000791e80000, 0x00000007c0000000)
  eden space 138240K, 0% used [0x0000000780800000,0x0000000780800000,0x0000000788f00000)
  from space 17920K, 0% used [0x0000000788f00000,0x0000000788f00000,0x000000078a080000)
  to   space 18944K, 0% used [0x0000000790c00000,0x0000000790c00000,0x0000000791e80000)
 ParOldGen       total 108032K, used 21301K [0x0000000701800000, 0x0000000708180000, 0x0000000780800000)
  object space 108032K, 19% used [0x0000000701800000,0x0000000702ccd5e0,0x0000000708180000)
 Metaspace       used 34941K, capacity 35274K, committed 35456K, reserved 1081344K
  class space    used 4347K, capacity 4454K, committed 4480K, reserved 1048576K
}

